[debug] [2023-08-10T18:17:42.203Z] ----------------------------------------------------------------------
[debug] [2023-08-10T18:17:42.205Z] Command:       D:\Node files\node.exe C:\Users\USER\AppData\Roaming\npm\node_modules\firebase-tools\lib\bin\firebase.js init
[debug] [2023-08-10T18:17:42.205Z] CLI Version:   12.4.7
[debug] [2023-08-10T18:17:42.205Z] Platform:      win32
[debug] [2023-08-10T18:17:42.205Z] Node Version:  v16.16.0
[debug] [2023-08-10T18:17:42.206Z] Time:          Thu Aug 10 2023 23:47:42 GMT+0530 (India Standard Time)
[debug] [2023-08-10T18:17:42.206Z] ----------------------------------------------------------------------
[debug] 
[debug] [2023-08-10T18:17:42.217Z] >>> [apiv2][query] GET https://firebase-public.firebaseio.com/cli.json [none]
[debug] [2023-08-10T18:17:42.235Z] > command requires scopes: ["email","openid","https://www.googleapis.com/auth/cloudplatformprojects.readonly","https://www.googleapis.com/auth/firebase","https://www.googleapis.com/auth/cloud-platform"]
[debug] [2023-08-10T18:17:42.235Z] > authorizing via signed-in user (sauravprasad2050@gmail.com)
[info] 
     ######## #### ########  ######## ########     ###     ######  ########
     ##        ##  ##     ## ##       ##     ##  ##   ##  ##       ##
     ######    ##  ########  ######   ########  #########  ######  ######
     ##        ##  ##    ##  ##       ##     ## ##     ##       ## ##
     ##       #### ##     ## ######## ########  ##     ##  ######  ########

You're about to initialize a Firebase project in this directory:

  D:\VS code\React\big_cart

[debug] [2023-08-10T18:17:43.028Z] <<< [apiv2][status] GET https://firebase-public.firebaseio.com/cli.json 200
[debug] [2023-08-10T18:17:43.028Z] <<< [apiv2][body] GET https://firebase-public.firebaseio.com/cli.json {"cloudBuildErrorAfter":1594252800000,"cloudBuildWarnAfter":1590019200000,"defaultNode10After":1594252800000,"minVersion":"3.0.5","node8DeploysDisabledAfter":1613390400000,"node8RuntimeDisabledAfter":1615809600000,"node8WarnAfter":1600128000000}
